1545181644179	mozrunner::runner	INFO	Running command: "/usr/bin/firefox" "-marionette" "-foreground" "-no-remote" "-profile" "/tmp/rust_mozprofile.nGZXhRpkckql"
1545181644741	addons.webextension.screenshots@mozilla.org	WARN	Loading extension 'screenshots@mozilla.org': Reading manifest: Invalid host permission: resource://pdf.js/
1545181644741	addons.webextension.screenshots@mozilla.org	WARN	Loading extension 'screenshots@mozilla.org': Reading manifest: Invalid host permission: about:reader*
1545181647190	Marionette	INFO	Listening on port 39593
1545181647233	Marionette	WARN	TLS certificate errors will be ignored for this session
console.error: BroadcastService: 
  receivedBroadcastMessage: handler for
  remote-settings/monitor_changes
  threw error:
  Message: Error: Polling for changes failed: NetworkError when attempting to fetch resource..
  Stack:
    remoteSettingsFunction/remoteSettings.pollChanges@resource://services-settings/remote-settings.js:750:13

1545185892335	mozrunner::runner	INFO	Running command: "/usr/bin/firefox" "-marionette" "-foreground" "-no-remote" "-profile" "/tmp/rust_mozprofile.4ZWnbOIIpjez"
1545185892942	addons.webextension.screenshots@mozilla.org	WARN	Loading extension 'screenshots@mozilla.org': Reading manifest: Invalid host permission: resource://pdf.js/
1545185892943	addons.webextension.screenshots@mozilla.org	WARN	Loading extension 'screenshots@mozilla.org': Reading manifest: Invalid host permission: about:reader*
1545185894894	Marionette	INFO	Listening on port 32875
1545185895127	Marionette	WARN	TLS certificate errors will be ignored for this session
[Parent 5109, Gecko_IOThread] WARNING: pipe error (81): 连接被对方重设: file /build/firefox-h0evE3/firefox-64.0+build3/ipc/chromium/src/chrome/common/ipc_channel_posix.cc, line 363
[Parent 5109, Gecko_IOThread] WARNING: pipe error (80): 连接被对方重设: file /build/firefox-h0evE3/firefox-64.0+build3/ipc/chromium/src/chrome/common/ipc_channel_posix.cc, line 363
1545185903273	Marionette	INFO	Stopped listening on port 32875
1545187603774	mozrunner::runner	INFO	Running command: "/usr/bin/firefox" "-marionette" "-foreground" "-no-remote" "-profile" "/tmp/rust_mozprofile.jtfMSFmMBCKw"
1545187604231	addons.webextension.screenshots@mozilla.org	WARN	Loading extension 'screenshots@mozilla.org': Reading manifest: Invalid host permission: resource://pdf.js/
1545187604231	addons.webextension.screenshots@mozilla.org	WARN	Loading extension 'screenshots@mozilla.org': Reading manifest: Invalid host permission: about:reader*
1545187606228	Marionette	INFO	Listening on port 41022
1545187606282	Marionette	WARN	TLS certificate errors will be ignored for this session
1545187646820	mozrunner::runner	INFO	Running command: "/usr/bin/firefox" "-marionette" "-foreground" "-no-remote" "-profile" "/tmp/rust_mozprofile.ecaXSbBGEh1x"
1545187647373	addons.webextension.screenshots@mozilla.org	WARN	Loading extension 'screenshots@mozilla.org': Reading manifest: Invalid host permission: resource://pdf.js/
1545187647374	addons.webextension.screenshots@mozilla.org	WARN	Loading extension 'screenshots@mozilla.org': Reading manifest: Invalid host permission: about:reader*
1545187649916	Marionette	INFO	Listening on port 32924
1545187650059	Marionette	WARN	TLS certificate errors will be ignored for this session
1545187653584	Marionette	INFO	Stopped listening on port 39593
[Parent 5606, Gecko_IOThread] WARNING: pipe error (83): 连接被对方重设: file /build/firefox-h0evE3/firefox-64.0+build3/ipc/chromium/src/chrome/common/ipc_channel_posix.cc, line 363
[Parent 5606, Gecko_IOThread] WARNING: pipe error (121): 连接被对方重设: file /build/firefox-h0evE3/firefox-64.0+build3/ipc/chromium/src/chrome/common/ipc_channel_posix.cc, line 363
1545187655660	Marionette	INFO	Stopped listening on port 41022
1545187682824	mozrunner::runner	INFO	Running command: "/usr/bin/firefox" "-marionette" "-foreground" "-no-remote" "-profile" "/tmp/rust_mozprofile.CXXM60ETwDKl"
1545187683209	addons.webextension.screenshots@mozilla.org	WARN	Loading extension 'screenshots@mozilla.org': Reading manifest: Invalid host permission: resource://pdf.js/
1545187683210	addons.webextension.screenshots@mozilla.org	WARN	Loading extension 'screenshots@mozilla.org': Reading manifest: Invalid host permission: about:reader*
1545187686464	Marionette	INFO	Listening on port 40550
1545187686543	Marionette	WARN	TLS certificate errors will be ignored for this session
1545187686626	Marionette	INFO	Stopped listening on port 32924
console.error: BroadcastService: 
  receivedBroadcastMessage: handler for
  remote-settings/monitor_changes
  threw error:
  Message: Error: Polling for changes failed: NetworkError when attempting to fetch resource..
  Stack:
    remoteSettingsFunction/remoteSettings.pollChanges@resource://services-settings/remote-settings.js:750:13

1545203541525	mozrunner::runner	INFO	Running command: "/usr/bin/firefox" "-marionette" "-foreground" "-no-remote" "-profile" "/tmp/rust_mozprofile.KQJPK5ObTq1r"
1545203550647	addons.webextension.screenshots@mozilla.org	WARN	Loading extension 'screenshots@mozilla.org': Reading manifest: Invalid host permission: resource://pdf.js/
1545203550647	addons.webextension.screenshots@mozilla.org	WARN	Loading extension 'screenshots@mozilla.org': Reading manifest: Invalid host permission: about:reader*
1545203572328	Marionette	INFO	Listening on port 36364
1545203572556	Marionette	WARN	TLS certificate errors will be ignored for this session
[Parent 3512, Gecko_IOThread] WARNING: pipe error (85): 连接被对方重设: file /build/firefox-h0evE3/firefox-64.0+build3/ipc/chromium/src/chrome/common/ipc_channel_posix.cc, line 363
1545203580444	Marionette	INFO	Stopped listening on port 36364
1545206632399	mozrunner::runner	INFO	Running command: "/usr/bin/firefox" "-marionette" "-foreground" "-no-remote" "-profile" "/tmp/rust_mozprofile.PyM6VECPIo55"
1545206632805	addons.webextension.screenshots@mozilla.org	WARN	Loading extension 'screenshots@mozilla.org': Reading manifest: Invalid host permission: resource://pdf.js/
1545206632805	addons.webextension.screenshots@mozilla.org	WARN	Loading extension 'screenshots@mozilla.org': Reading manifest: Invalid host permission: about:reader*
1545206634876	Marionette	INFO	Listening on port 44040
1545206634928	Marionette	WARN	TLS certificate errors will be ignored for this session
[Parent 5306, Gecko_IOThread] WARNING: pipe error (97): 连接被对方重设: file /build/firefox-h0evE3/firefox-64.0+build3/ipc/chromium/src/chrome/common/ipc_channel_posix.cc, line 363
[Parent 5306, Gecko_IOThread] WARNING: pipe error (80): 连接被对方重设: file /build/firefox-h0evE3/firefox-64.0+build3/ipc/chromium/src/chrome/common/ipc_channel_posix.cc, line 363
1545206645760	Marionette	INFO	Stopped listening on port 44040
